[debug] [2021-05-25T19:52:31.886Z] ----------------------------------------------------------------------
[debug] [2021-05-25T19:52:31.889Z] Command:       C:\Program Files\nodejs\node.exe C:\Users\quang\AppData\Roaming\npm\node_modules\firebase-tools\lib\bin\firebase.js emulators:start --only functions
[debug] [2021-05-25T19:52:31.890Z] CLI Version:   9.11.0
[debug] [2021-05-25T19:52:31.890Z] Platform:      win32
[debug] [2021-05-25T19:52:31.890Z] Node Version:  v14.15.3
[debug] [2021-05-25T19:52:31.892Z] Time:          Wed May 26 2021 02:52:31 GMT+0700 (Indochina Time)
[debug] [2021-05-25T19:52:31.892Z] ----------------------------------------------------------------------
[debug] 
[debug] [2021-05-25T19:52:31.904Z] > command requires scopes: ["email","openid","https://www.googleapis.com/auth/cloudplatformprojects.readonly","https://www.googleapis.com/auth/firebase","https://www.googleapis.com/auth/cloud-platform"]
[debug] [2021-05-25T19:52:31.904Z] > authorizing via signed-in user (huypq234@gmail.com)
[info] i  emulators: Starting emulators: functions {"metadata":{"emulator":{"name":"hub"},"message":"Starting emulators: functions"}}
[warn] !  emulators: It seems that you are running multiple instances of the emulator suite for project ecommrecewebsite. This may result in unexpected behavior. 
[debug] [2021-05-25T19:52:31.979Z] [hub] writing locator at C:\Users\quang\AppData\Local\Temp\hub-ecommrecewebsite.json
[warn] !  functions: The following emulators are not running, calls to these services from the Functions emulator will affect production: auth, firestore, database, hosting, pubsub, storage {"metadata":{"emulator":{"name":"functions"},"message":"The following emulators are not running, calls to these services from the Functions emulator will affect production: \u001b[1mauth, firestore, database, hosting, pubsub, storage\u001b[22m"}}
[warn] !  Your requested "node" version "12" doesn't match your global version "14" {"metadata":{"emulator":{"name":"functions"},"message":"Your requested \"node\" version \"12\" doesn't match your global version \"14\""}}
[debug] [2021-05-25T19:52:32.037Z] defaultcredentials: writing to file C:\Users\quang\AppData\Roaming\firebase\huypq234_gmail_com_application_default_credentials.json
[debug] [2021-05-25T19:52:32.039Z] Setting GAC to C:\Users\quang\AppData\Roaming\firebase\huypq234_gmail_com_application_default_credentials.json {"metadata":{"emulator":{"name":"functions"},"message":"Setting GAC to C:\\Users\\quang\\AppData\\Roaming\\firebase\\huypq234_gmail_com_application_default_credentials.json"}}
[debug] [2021-05-25T19:52:32.041Z] > refreshing access token with scopes: []
[debug] [2021-05-25T19:52:32.042Z] >>> HTTP REQUEST POST https://www.googleapis.com/oauth2/v3/token  
 <request body omitted>
[debug] [2021-05-25T19:52:32.222Z] <<< HTTP RESPONSE 200 {"cache-control":"no-cache, no-store, max-age=0, must-revalidate","date":"Tue, 25 May 2021 19:52:33 GMT","expires":"Mon, 01 Jan 1990 00:00:00 GMT","pragma":"no-cache","content-type":"application/json; charset=utf-8","vary":"X-Origin, Referer, Origin,Accept-Encoding","server":"scaffolding on HTTPServer2","x-xss-protection":"0","x-frame-options":"SAMEORIGIN","x-content-type-options":"nosniff","alt-svc":"h3-29=\":443\"; ma=2592000,h3-T051=\":443\"; ma=2592000,h3-Q050=\":443\"; ma=2592000,h3-Q046=\":443\"; ma=2592000,h3-Q043=\":443\"; ma=2592000,quic=\":443\"; ma=2592000; v=\"46,43\"","accept-ranges":"none","transfer-encoding":"chunked"}
[debug] [2021-05-25T19:52:32.251Z] >>> [apiv2][query] GET https://firebase.googleapis.com/v1beta1/projects/ecommrecewebsite/adminSdkConfig [none]
[debug] [2021-05-25T19:52:33.117Z] <<< [apiv2][status] GET https://firebase.googleapis.com/v1beta1/projects/ecommrecewebsite/adminSdkConfig 200
[debug] [2021-05-25T19:52:33.118Z] <<< [apiv2][body] GET https://firebase.googleapis.com/v1beta1/projects/ecommrecewebsite/adminSdkConfig {"projectId":"ecommrecewebsite","storageBucket":"ecommrecewebsite.appspot.com","locationId":"us-central"}
[warn] !  ui: Emulator UI unable to start on port 4000, starting on 4001 instead. {"metadata":{"emulator":{"name":"ui"},"message":"Emulator UI unable to start on port 4000, starting on 4001 instead."}}
[debug] [2021-05-25T19:52:33.171Z] Ignoring unsupported arg: auto_download {"metadata":{"emulator":{"name":"ui"},"message":"Ignoring unsupported arg: auto_download"}}
[debug] [2021-05-25T19:52:33.171Z] Ignoring unsupported arg: port {"metadata":{"emulator":{"name":"ui"},"message":"Ignoring unsupported arg: port"}}
[debug] [2021-05-25T19:52:33.171Z] Starting Emulator UI with command {"binary":"node","args":["C:\\Users\\quang\\.cache\\firebase\\emulators\\ui-v1.5.0\\server.bundle.js"],"optionalArgs":[],"joinArgs":false} {"metadata":{"emulator":{"name":"ui"},"message":"Starting Emulator UI with command {\"binary\":\"node\",\"args\":[\"C:\\\\Users\\\\quang\\\\.cache\\\\firebase\\\\emulators\\\\ui-v1.5.0\\\\server.bundle.js\"],\"optionalArgs\":[],\"joinArgs\":false}"}}
[info] i  ui: Emulator UI logging to ui-debug.log {"metadata":{"emulator":{"name":"ui"},"message":"Emulator UI logging to \u001b[1mui-debug.log\u001b[22m"}}
[debug] [2021-05-25T19:52:33.405Z] Web / API server started at http://localhost:4001
 {"metadata":{"emulator":{"name":"ui"},"message":"Web / API server started at http://localhost:4001\n"}}
[info] i  functions: Watching "C:\Users\quang\Desktop\Project\btl\functions" for Cloud Functions... {"metadata":{"emulator":{"name":"functions"},"message":"Watching \"C:\\Users\\quang\\Desktop\\Project\\btl\\functions\" for Cloud Functions..."}}
[debug] [2021-05-25T19:52:33.469Z] [worker-pool] addWorker(~diagnostic~) {"metadata":{"emulator":{"name":"functions"},"message":"[worker-pool] addWorker(~diagnostic~)"}}
[debug] [2021-05-25T19:52:33.470Z] [worker-pool] Adding worker with key ~diagnostic~, total=1 {"metadata":{"emulator":{"name":"functions"},"message":"[worker-pool] Adding worker with key ~diagnostic~, total=1"}}
[debug] [2021-05-25T19:52:33.470Z] [worker-pool] submitWork(triggerId=) {"metadata":{"emulator":{"name":"functions"},"message":"[worker-pool] submitWork(triggerId=)"}}
[debug] [2021-05-25T19:52:33.471Z] [worker-~diagnostic~-ac8f5835-3b95-4934-83b7-24feb865a2d0]: Assigning socketPath: \\?\pipe\C:\Users\quang\Desktop\Project\btl\functions\11936 {"metadata":{"emulator":{"name":"functions"},"message":"[worker-~diagnostic~-ac8f5835-3b95-4934-83b7-24feb865a2d0]: Assigning socketPath: \\\\?\\pipe\\C:\\Users\\quang\\Desktop\\Project\\btl\\functions\\11936"}}
[debug] [2021-05-25T19:52:33.471Z] [worker-~diagnostic~-ac8f5835-3b95-4934-83b7-24feb865a2d0]: BUSY {"metadata":{"emulator":{"name":"functions"},"message":"[worker-~diagnostic~-ac8f5835-3b95-4934-83b7-24feb865a2d0]: BUSY"}}
[debug] [2021-05-25T19:52:33.759Z] [runtime-status] [11936] Functions runtime initialized. {"cwd":"C:\\Users\\quang\\Desktop\\Project\\btl\\functions","node_version":"14.15.3"} {"metadata":{"emulator":{"name":"functions"},"message":"[runtime-status] [11936] Functions runtime initialized. {\"cwd\":\"C:\\\\Users\\\\quang\\\\Desktop\\\\Project\\\\btl\\\\functions\",\"node_version\":\"14.15.3\"}"}}
[debug] [2021-05-25T19:52:33.760Z] [runtime-status] [11936] Disabled runtime features: undefined {"metadata":{"emulator":{"name":"functions"},"message":"[runtime-status] [11936] Disabled runtime features: undefined"}}
[debug] [2021-05-25T19:52:33.768Z] [runtime-status] [11936] Resolved module firebase-admin {"declared":true,"installed":true,"version":"9.8.0","resolution":"C:\\Users\\quang\\Desktop\\Project\\btl\\functions\\node_modules\\firebase-admin\\lib\\index.js"} {"metadata":{"emulator":{"name":"functions"},"message":"[runtime-status] [11936] Resolved module firebase-admin {\"declared\":true,\"installed\":true,\"version\":\"9.8.0\",\"resolution\":\"C:\\\\Users\\\\quang\\\\Desktop\\\\Project\\\\btl\\\\functions\\\\node_modules\\\\firebase-admin\\\\lib\\\\index.js\"}"}}
[debug] [2021-05-25T19:52:33.769Z] [runtime-status] [11936] Resolved module firebase-functions {"declared":true,"installed":true,"version":"3.14.1","resolution":"C:\\Users\\quang\\Desktop\\Project\\btl\\functions\\node_modules\\firebase-functions\\lib\\index.js"} {"metadata":{"emulator":{"name":"functions"},"message":"[runtime-status] [11936] Resolved module firebase-functions {\"declared\":true,\"installed\":true,\"version\":\"3.14.1\",\"resolution\":\"C:\\\\Users\\\\quang\\\\Desktop\\\\Project\\\\btl\\\\functions\\\\node_modules\\\\firebase-functions\\\\lib\\\\index.js\"}"}}
[debug] [2021-05-25T19:52:33.771Z] [runtime-status] [11936] Resolved module firebase-functions {"declared":true,"installed":true,"version":"3.14.1","resolution":"C:\\Users\\quang\\Desktop\\Project\\btl\\functions\\node_modules\\firebase-functions\\lib\\index.js"} {"metadata":{"emulator":{"name":"functions"},"message":"[runtime-status] [11936] Resolved module firebase-functions {\"declared\":true,\"installed\":true,\"version\":\"3.14.1\",\"resolution\":\"C:\\\\Users\\\\quang\\\\Desktop\\\\Project\\\\btl\\\\functions\\\\node_modules\\\\firebase-functions\\\\lib\\\\index.js\"}"}}
[debug] [2021-05-25T19:52:33.773Z] [runtime-status] [11936] Outgoing network have been stubbed. [{"name":"http","status":"mocked"},{"name":"http","status":"mocked"},{"name":"https","status":"mocked"},{"name":"https","status":"mocked"},{"name":"net","status":"mocked"}] {"metadata":{"emulator":{"name":"functions"},"message":"[runtime-status] [11936] Outgoing network have been stubbed. [{\"name\":\"http\",\"status\":\"mocked\"},{\"name\":\"http\",\"status\":\"mocked\"},{\"name\":\"https\",\"status\":\"mocked\"},{\"name\":\"https\",\"status\":\"mocked\"},{\"name\":\"net\",\"status\":\"mocked\"}]"}}
[debug] [2021-05-25T19:52:33.774Z] [runtime-status] [11936] Resolved module firebase-functions {"declared":true,"installed":true,"version":"3.14.1","resolution":"C:\\Users\\quang\\Desktop\\Project\\btl\\functions\\node_modules\\firebase-functions\\lib\\index.js"} {"metadata":{"emulator":{"name":"functions"},"message":"[runtime-status] [11936] Resolved module firebase-functions {\"declared\":true,\"installed\":true,\"version\":\"3.14.1\",\"resolution\":\"C:\\\\Users\\\\quang\\\\Desktop\\\\Project\\\\btl\\\\functions\\\\node_modules\\\\firebase-functions\\\\lib\\\\index.js\"}"}}
[debug] [2021-05-25T19:52:33.872Z] [runtime-status] [11936] Checked functions.config() {"config":{}} {"metadata":{"emulator":{"name":"functions"},"message":"[runtime-status] [11936] Checked functions.config() {\"config\":{}}"}}
[debug] [2021-05-25T19:52:33.872Z] [runtime-status] [11936] firebase-functions has been stubbed. {"functionsResolution":{"declared":true,"installed":true,"version":"3.14.1","resolution":"C:\\Users\\quang\\Desktop\\Project\\btl\\functions\\node_modules\\firebase-functions\\lib\\index.js"}} {"metadata":{"emulator":{"name":"functions"},"message":"[runtime-status] [11936] firebase-functions has been stubbed. {\"functionsResolution\":{\"declared\":true,\"installed\":true,\"version\":\"3.14.1\",\"resolution\":\"C:\\\\Users\\\\quang\\\\Desktop\\\\Project\\\\btl\\\\functions\\\\node_modules\\\\firebase-functions\\\\lib\\\\index.js\"}}"}}
[debug] [2021-05-25T19:52:33.874Z] [runtime-status] [11936] Resolved module firebase-functions {"declared":true,"installed":true,"version":"3.14.1","resolution":"C:\\Users\\quang\\Desktop\\Project\\btl\\functions\\node_modules\\firebase-functions\\lib\\index.js"} {"metadata":{"emulator":{"name":"functions"},"message":"[runtime-status] [11936] Resolved module firebase-functions {\"declared\":true,\"installed\":true,\"version\":\"3.14.1\",\"resolution\":\"C:\\\\Users\\\\quang\\\\Desktop\\\\Project\\\\btl\\\\functions\\\\node_modules\\\\firebase-functions\\\\lib\\\\index.js\"}"}}
[debug] [2021-05-25T19:52:33.876Z] [runtime-status] [11936] Resolved module firebase-admin {"declared":true,"installed":true,"version":"9.8.0","resolution":"C:\\Users\\quang\\Desktop\\Project\\btl\\functions\\node_modules\\firebase-admin\\lib\\index.js"} {"metadata":{"emulator":{"name":"functions"},"message":"[runtime-status] [11936] Resolved module firebase-admin {\"declared\":true,\"installed\":true,\"version\":\"9.8.0\",\"resolution\":\"C:\\\\Users\\\\quang\\\\Desktop\\\\Project\\\\btl\\\\functions\\\\node_modules\\\\firebase-admin\\\\lib\\\\index.js\"}"}}
[debug] [2021-05-25T19:52:33.877Z] [runtime-status] [11936] Resolved module firebase-functions {"declared":true,"installed":true,"version":"3.14.1","resolution":"C:\\Users\\quang\\Desktop\\Project\\btl\\functions\\node_modules\\firebase-functions\\lib\\index.js"} {"metadata":{"emulator":{"name":"functions"},"message":"[runtime-status] [11936] Resolved module firebase-functions {\"declared\":true,\"installed\":true,\"version\":\"3.14.1\",\"resolution\":\"C:\\\\Users\\\\quang\\\\Desktop\\\\Project\\\\btl\\\\functions\\\\node_modules\\\\firebase-functions\\\\lib\\\\index.js\"}"}}
[debug] [2021-05-25T19:52:33.878Z] [runtime-status] [11936] firebase-admin has been stubbed. {"adminResolution":{"declared":true,"installed":true,"version":"9.8.0","resolution":"C:\\Users\\quang\\Desktop\\Project\\btl\\functions\\node_modules\\firebase-admin\\lib\\index.js"}} {"metadata":{"emulator":{"name":"functions"},"message":"[runtime-status] [11936] firebase-admin has been stubbed. {\"adminResolution\":{\"declared\":true,\"installed\":true,\"version\":\"9.8.0\",\"resolution\":\"C:\\\\Users\\\\quang\\\\Desktop\\\\Project\\\\btl\\\\functions\\\\node_modules\\\\firebase-admin\\\\lib\\\\index.js\"}}"}}
[info] +  functions[api]: http function initialized (http://localhost:5001/ecommrecewebsite/us-central1/api). {"metadata":{"emulator":{"name":"functions"},"message":"\u001b[1mhttp\u001b[22m function initialized (http://localhost:5001/ecommrecewebsite/us-central1/api)."}}
[info] 
┌─────────────────────────────────────────────────────────────┐
│ ✔  All emulators ready! It is now safe to connect your app. │
│ i  View Emulator UI at http://localhost:4001                │
└─────────────────────────────────────────────────────────────┘

┌───────────┬────────────────┬─────────────────────────────────┐
│ Emulator  │ Host:Port      │ View in Emulator UI             │
├───────────┼────────────────┼─────────────────────────────────┤
│ Functions │ localhost:5001 │ http://localhost:4001/functions │
└───────────┴────────────────┴─────────────────────────────────┘
  Emulator Hub running at localhost:4400
  Other reserved ports: 4500

Issues? Report them at https://github.com/firebase/firebase-tools/issues and attach the *-debug.log files.
 
[debug] [2021-05-25T19:52:34.279Z] [worker-~diagnostic~-ac8f5835-3b95-4934-83b7-24feb865a2d0]: IDLE {"metadata":{"emulator":{"name":"functions"},"message":"[worker-~diagnostic~-ac8f5835-3b95-4934-83b7-24feb865a2d0]: IDLE"}}
[debug] [2021-05-25T19:52:58.498Z] [work-queue] {"queueLength":1,"workRunningCount":0}
[debug] [2021-05-25T19:52:58.499Z] [work-queue] {"queueLength":0,"workRunningCount":1}
[debug] [2021-05-25T19:52:58.500Z] Accepted request GET /ecommrecewebsite/us-central1/api --> api
[debug] [2021-05-25T19:52:58.511Z] [worker-pool] addWorker(api) {"metadata":{"emulator":{"name":"functions"},"message":"[worker-pool] addWorker(api)"}}
[debug] [2021-05-25T19:52:58.511Z] [worker-pool] Adding worker with key api, total=1 {"metadata":{"emulator":{"name":"functions"},"message":"[worker-pool] Adding worker with key api, total=1"}}
[debug] [2021-05-25T19:52:58.512Z] [worker-pool] submitWork(triggerId=api) {"metadata":{"emulator":{"name":"functions"},"message":"[worker-pool] submitWork(triggerId=api)"}}
[debug] [2021-05-25T19:52:58.512Z] [worker-api-24060026-9bea-49e2-abda-a9f3741d08cf]: Assigning socketPath: \\?\pipe\C:\Users\quang\Desktop\Project\btl\functions\10396 {"metadata":{"emulator":{"name":"functions"},"message":"[worker-api-24060026-9bea-49e2-abda-a9f3741d08cf]: Assigning socketPath: \\\\?\\pipe\\C:\\Users\\quang\\Desktop\\Project\\btl\\functions\\10396"}}
[debug] [2021-05-25T19:52:58.512Z] [worker-api-24060026-9bea-49e2-abda-a9f3741d08cf]: BUSY {"metadata":{"emulator":{"name":"functions"},"message":"[worker-api-24060026-9bea-49e2-abda-a9f3741d08cf]: BUSY"}}
[debug] [2021-05-25T19:52:58.778Z] [runtime-status] [10396] Functions runtime initialized. {"cwd":"C:\\Users\\quang\\Desktop\\Project\\btl\\functions","node_version":"14.15.3"} {"metadata":{"emulator":{"name":"functions"},"function":{"name":"api"},"message":"[runtime-status] [10396] Functions runtime initialized. {\"cwd\":\"C:\\\\Users\\\\quang\\\\Desktop\\\\Project\\\\btl\\\\functions\",\"node_version\":\"14.15.3\"}"}}
[debug] [2021-05-25T19:52:58.779Z] [runtime-status] [10396] Disabled runtime features: undefined {"metadata":{"emulator":{"name":"functions"},"function":{"name":"api"},"message":"[runtime-status] [10396] Disabled runtime features: undefined"}}
[debug] [2021-05-25T19:52:58.783Z] [runtime-status] [10396] Resolved module firebase-admin {"declared":true,"installed":true,"version":"9.8.0","resolution":"C:\\Users\\quang\\Desktop\\Project\\btl\\functions\\node_modules\\firebase-admin\\lib\\index.js"} {"metadata":{"emulator":{"name":"functions"},"function":{"name":"api"},"message":"[runtime-status] [10396] Resolved module firebase-admin {\"declared\":true,\"installed\":true,\"version\":\"9.8.0\",\"resolution\":\"C:\\\\Users\\\\quang\\\\Desktop\\\\Project\\\\btl\\\\functions\\\\node_modules\\\\firebase-admin\\\\lib\\\\index.js\"}"}}
[debug] [2021-05-25T19:52:58.784Z] [runtime-status] [10396] Resolved module firebase-functions {"declared":true,"installed":true,"version":"3.14.1","resolution":"C:\\Users\\quang\\Desktop\\Project\\btl\\functions\\node_modules\\firebase-functions\\lib\\index.js"} {"metadata":{"emulator":{"name":"functions"},"function":{"name":"api"},"message":"[runtime-status] [10396] Resolved module firebase-functions {\"declared\":true,\"installed\":true,\"version\":\"3.14.1\",\"resolution\":\"C:\\\\Users\\\\quang\\\\Desktop\\\\Project\\\\btl\\\\functions\\\\node_modules\\\\firebase-functions\\\\lib\\\\index.js\"}"}}
[debug] [2021-05-25T19:52:58.786Z] [runtime-status] [10396] Resolved module firebase-functions {"declared":true,"installed":true,"version":"3.14.1","resolution":"C:\\Users\\quang\\Desktop\\Project\\btl\\functions\\node_modules\\firebase-functions\\lib\\index.js"} {"metadata":{"emulator":{"name":"functions"},"function":{"name":"api"},"message":"[runtime-status] [10396] Resolved module firebase-functions {\"declared\":true,\"installed\":true,\"version\":\"3.14.1\",\"resolution\":\"C:\\\\Users\\\\quang\\\\Desktop\\\\Project\\\\btl\\\\functions\\\\node_modules\\\\firebase-functions\\\\lib\\\\index.js\"}"}}
[debug] [2021-05-25T19:52:58.788Z] [runtime-status] [10396] Outgoing network have been stubbed. [{"name":"http","status":"mocked"},{"name":"http","status":"mocked"},{"name":"https","status":"mocked"},{"name":"https","status":"mocked"},{"name":"net","status":"mocked"}] {"metadata":{"emulator":{"name":"functions"},"function":{"name":"api"},"message":"[runtime-status] [10396] Outgoing network have been stubbed. [{\"name\":\"http\",\"status\":\"mocked\"},{\"name\":\"http\",\"status\":\"mocked\"},{\"name\":\"https\",\"status\":\"mocked\"},{\"name\":\"https\",\"status\":\"mocked\"},{\"name\":\"net\",\"status\":\"mocked\"}]"}}
[debug] [2021-05-25T19:52:58.789Z] [runtime-status] [10396] Resolved module firebase-functions {"declared":true,"installed":true,"version":"3.14.1","resolution":"C:\\Users\\quang\\Desktop\\Project\\btl\\functions\\node_modules\\firebase-functions\\lib\\index.js"} {"metadata":{"emulator":{"name":"functions"},"function":{"name":"api"},"message":"[runtime-status] [10396] Resolved module firebase-functions {\"declared\":true,\"installed\":true,\"version\":\"3.14.1\",\"resolution\":\"C:\\\\Users\\\\quang\\\\Desktop\\\\Project\\\\btl\\\\functions\\\\node_modules\\\\firebase-functions\\\\lib\\\\index.js\"}"}}
[debug] [2021-05-25T19:52:58.864Z] [runtime-status] [10396] Checked functions.config() {"config":{}} {"metadata":{"emulator":{"name":"functions"},"function":{"name":"api"},"message":"[runtime-status] [10396] Checked functions.config() {\"config\":{}}"}}
[debug] [2021-05-25T19:52:58.865Z] [runtime-status] [10396] firebase-functions has been stubbed. {"functionsResolution":{"declared":true,"installed":true,"version":"3.14.1","resolution":"C:\\Users\\quang\\Desktop\\Project\\btl\\functions\\node_modules\\firebase-functions\\lib\\index.js"}} {"metadata":{"emulator":{"name":"functions"},"function":{"name":"api"},"message":"[runtime-status] [10396] firebase-functions has been stubbed. {\"functionsResolution\":{\"declared\":true,\"installed\":true,\"version\":\"3.14.1\",\"resolution\":\"C:\\\\Users\\\\quang\\\\Desktop\\\\Project\\\\btl\\\\functions\\\\node_modules\\\\firebase-functions\\\\lib\\\\index.js\"}}"}}
[debug] [2021-05-25T19:52:58.865Z] [runtime-status] [10396] Resolved module firebase-functions {"declared":true,"installed":true,"version":"3.14.1","resolution":"C:\\Users\\quang\\Desktop\\Project\\btl\\functions\\node_modules\\firebase-functions\\lib\\index.js"} {"metadata":{"emulator":{"name":"functions"},"function":{"name":"api"},"message":"[runtime-status] [10396] Resolved module firebase-functions {\"declared\":true,\"installed\":true,\"version\":\"3.14.1\",\"resolution\":\"C:\\\\Users\\\\quang\\\\Desktop\\\\Project\\\\btl\\\\functions\\\\node_modules\\\\firebase-functions\\\\lib\\\\index.js\"}"}}
[debug] [2021-05-25T19:52:58.867Z] [runtime-status] [10396] Resolved module firebase-admin {"declared":true,"installed":true,"version":"9.8.0","resolution":"C:\\Users\\quang\\Desktop\\Project\\btl\\functions\\node_modules\\firebase-admin\\lib\\index.js"} {"metadata":{"emulator":{"name":"functions"},"function":{"name":"api"},"message":"[runtime-status] [10396] Resolved module firebase-admin {\"declared\":true,\"installed\":true,\"version\":\"9.8.0\",\"resolution\":\"C:\\\\Users\\\\quang\\\\Desktop\\\\Project\\\\btl\\\\functions\\\\node_modules\\\\firebase-admin\\\\lib\\\\index.js\"}"}}
[debug] [2021-05-25T19:52:58.868Z] [runtime-status] [10396] Resolved module firebase-functions {"declared":true,"installed":true,"version":"3.14.1","resolution":"C:\\Users\\quang\\Desktop\\Project\\btl\\functions\\node_modules\\firebase-functions\\lib\\index.js"} {"metadata":{"emulator":{"name":"functions"},"function":{"name":"api"},"message":"[runtime-status] [10396] Resolved module firebase-functions {\"declared\":true,\"installed\":true,\"version\":\"3.14.1\",\"resolution\":\"C:\\\\Users\\\\quang\\\\Desktop\\\\Project\\\\btl\\\\functions\\\\node_modules\\\\firebase-functions\\\\lib\\\\index.js\"}"}}
[debug] [2021-05-25T19:52:58.869Z] [runtime-status] [10396] firebase-admin has been stubbed. {"adminResolution":{"declared":true,"installed":true,"version":"9.8.0","resolution":"C:\\Users\\quang\\Desktop\\Project\\btl\\functions\\node_modules\\firebase-admin\\lib\\index.js"}} {"metadata":{"emulator":{"name":"functions"},"function":{"name":"api"},"message":"[runtime-status] [10396] firebase-admin has been stubbed. {\"adminResolution\":{\"declared\":true,\"installed\":true,\"version\":\"9.8.0\",\"resolution\":\"C:\\\\Users\\\\quang\\\\Desktop\\\\Project\\\\btl\\\\functions\\\\node_modules\\\\firebase-admin\\\\lib\\\\index.js\"}}"}}
[debug] [2021-05-25T19:52:59.150Z] [runtime-status] [10396] Trigger "api" has been found, beginning invocation! {"metadata":{"emulator":{"name":"functions"},"function":{"name":"api"},"message":"[runtime-status] [10396] Trigger \"api\" has been found, beginning invocation!"}}
[info] i  functions: Beginning execution of "api" {"metadata":{"emulator":{"name":"functions"},"function":{"name":"api"},"message":"Beginning execution of \"api\""}}
[debug] [2021-05-25T19:52:59.152Z] [runtime-status] [10396] triggerDefinition {"httpsTrigger":{},"name":"api","entryPoint":"api"} {"metadata":{"emulator":{"name":"functions"},"function":{"name":"api"},"message":"[runtime-status] [10396] triggerDefinition {\"httpsTrigger\":{},\"name\":\"api\",\"entryPoint\":\"api\"}"}}
[debug] [2021-05-25T19:52:59.152Z] [runtime-status] [10396] Running api in mode HTTPS {"metadata":{"emulator":{"name":"functions"},"function":{"name":"api"},"message":"[runtime-status] [10396] Running api in mode HTTPS"}}
[debug] [2021-05-25T19:52:59.156Z] [runtime-status] [10396] Attempting to listen to socketPath: \\?\pipe\C:\Users\quang\Desktop\Project\btl\functions\10396 {"metadata":{"emulator":{"name":"functions"},"function":{"name":"api"},"message":"[runtime-status] [10396] Attempting to listen to socketPath: \\\\?\\pipe\\C:\\Users\\quang\\Desktop\\Project\\btl\\functions\\10396"}}
[debug] [2021-05-25T19:52:59.164Z] [functions] Runtime ready! Sending request! {"metadata":{"emulator":{"name":"functions"},"message":"[functions] Runtime ready! Sending request!"}}
[debug] [2021-05-25T19:52:59.164Z] [functions] Got req.url=/ecommrecewebsite/us-central1/api, mapping to path=/ {"metadata":{"emulator":{"name":"functions"},"message":"[functions] Got req.url=/ecommrecewebsite/us-central1/api, mapping to path=/"}}
[debug] [2021-05-25T19:52:59.180Z] [runtime-status] [10396] Ephemeral server handling GET request {"metadata":{"emulator":{"name":"functions"},"function":{"name":"api"},"message":"[runtime-status] [10396] Ephemeral server handling GET request"}}
[debug] [2021-05-25T19:52:59.189Z] [runtime-status] [10396] Ephemeral server survived. {"metadata":{"emulator":{"name":"functions"},"function":{"name":"api"},"message":"[runtime-status] [10396] Ephemeral server survived."}}
[info] i  functions: Finished "api" in ~1s {"metadata":{"emulator":{"name":"functions"},"function":{"name":"api"},"message":"Finished \"api\" in ~1s"}}
[debug] [2021-05-25T19:52:59.196Z] [worker-api-24060026-9bea-49e2-abda-a9f3741d08cf]: IDLE {"metadata":{"emulator":{"name":"functions"},"message":"[worker-api-24060026-9bea-49e2-abda-a9f3741d08cf]: IDLE"}}
[debug] [2021-05-25T19:52:59.197Z] [work-queue] {"queueLength":0,"workRunningCount":0}
[debug] [2021-05-25T19:53:05.073Z] [work-queue] {"queueLength":1,"workRunningCount":0}
[debug] [2021-05-25T19:53:05.073Z] [work-queue] {"queueLength":0,"workRunningCount":1}
[debug] [2021-05-25T19:53:05.073Z] Accepted request OPTIONS /ecommrecewebsite/us-central1/api/payments/create --> api
[debug] [2021-05-25T19:53:05.073Z] [worker-pool] submitWork(triggerId=api) {"metadata":{"emulator":{"name":"functions"},"message":"[worker-pool] submitWork(triggerId=api)"}}
[debug] [2021-05-25T19:53:05.073Z] [worker-api-24060026-9bea-49e2-abda-a9f3741d08cf]: Assigning socketPath: \\?\pipe\C:\Users\quang\Desktop\Project\btl\functions\10396 {"metadata":{"emulator":{"name":"functions"},"message":"[worker-api-24060026-9bea-49e2-abda-a9f3741d08cf]: Assigning socketPath: \\\\?\\pipe\\C:\\Users\\quang\\Desktop\\Project\\btl\\functions\\10396"}}
[debug] [2021-05-25T19:53:05.073Z] [worker-api-24060026-9bea-49e2-abda-a9f3741d08cf]: BUSY {"metadata":{"emulator":{"name":"functions"},"message":"[worker-api-24060026-9bea-49e2-abda-a9f3741d08cf]: BUSY"}}
[debug] [2021-05-25T19:53:05.074Z] [runtime-status] [10396] Trigger "api" has been found, beginning invocation! {"metadata":{"emulator":{"name":"functions"},"function":{"name":"api"},"message":"[runtime-status] [10396] Trigger \"api\" has been found, beginning invocation!"}}
[info] i  functions: Beginning execution of "api" {"metadata":{"emulator":{"name":"functions"},"function":{"name":"api"},"message":"Beginning execution of \"api\""}}
[debug] [2021-05-25T19:53:05.076Z] [runtime-status] [10396] triggerDefinition {"httpsTrigger":{},"name":"api","entryPoint":"api"} {"metadata":{"emulator":{"name":"functions"},"function":{"name":"api"},"message":"[runtime-status] [10396] triggerDefinition {\"httpsTrigger\":{},\"name\":\"api\",\"entryPoint\":\"api\"}"}}
[debug] [2021-05-25T19:53:05.076Z] [runtime-status] [10396] Running api in mode HTTPS {"metadata":{"emulator":{"name":"functions"},"function":{"name":"api"},"message":"[runtime-status] [10396] Running api in mode HTTPS"}}
[debug] [2021-05-25T19:53:05.077Z] [runtime-status] [10396] Attempting to listen to socketPath: \\?\pipe\C:\Users\quang\Desktop\Project\btl\functions\10396 {"metadata":{"emulator":{"name":"functions"},"function":{"name":"api"},"message":"[runtime-status] [10396] Attempting to listen to socketPath: \\\\?\\pipe\\C:\\Users\\quang\\Desktop\\Project\\btl\\functions\\10396"}}
[debug] [2021-05-25T19:53:05.078Z] [functions] Runtime ready! Sending request! {"metadata":{"emulator":{"name":"functions"},"message":"[functions] Runtime ready! Sending request!"}}
[debug] [2021-05-25T19:53:05.078Z] [functions] Got req.url=/ecommrecewebsite/us-central1/api/payments/create, mapping to path=/payments/create {"metadata":{"emulator":{"name":"functions"},"message":"[functions] Got req.url=/ecommrecewebsite/us-central1/api/payments/create, mapping to path=/payments/create"}}
[debug] [2021-05-25T19:53:05.081Z] [runtime-status] [10396] Ephemeral server handling OPTIONS request {"metadata":{"emulator":{"name":"functions"},"function":{"name":"api"},"message":"[runtime-status] [10396] Ephemeral server handling OPTIONS request"}}
[debug] [2021-05-25T19:53:05.083Z] [runtime-status] [10396] Ephemeral server survived. {"metadata":{"emulator":{"name":"functions"},"function":{"name":"api"},"message":"[runtime-status] [10396] Ephemeral server survived."}}
[info] i  functions: Finished "api" in ~1s {"metadata":{"emulator":{"name":"functions"},"function":{"name":"api"},"message":"Finished \"api\" in ~1s"}}
[debug] [2021-05-25T19:53:05.084Z] [worker-api-24060026-9bea-49e2-abda-a9f3741d08cf]: IDLE {"metadata":{"emulator":{"name":"functions"},"message":"[worker-api-24060026-9bea-49e2-abda-a9f3741d08cf]: IDLE"}}
[debug] [2021-05-25T19:53:05.085Z] [work-queue] {"queueLength":0,"workRunningCount":0}
[debug] [2021-05-25T19:53:05.086Z] [work-queue] {"queueLength":1,"workRunningCount":0}
[debug] [2021-05-25T19:53:05.086Z] [work-queue] {"queueLength":0,"workRunningCount":1}
[debug] [2021-05-25T19:53:05.086Z] Accepted request POST /ecommrecewebsite/us-central1/api/payments/create --> api
[debug] [2021-05-25T19:53:05.086Z] [worker-pool] submitWork(triggerId=api) {"metadata":{"emulator":{"name":"functions"},"message":"[worker-pool] submitWork(triggerId=api)"}}
[debug] [2021-05-25T19:53:05.087Z] [worker-api-24060026-9bea-49e2-abda-a9f3741d08cf]: Assigning socketPath: \\?\pipe\C:\Users\quang\Desktop\Project\btl\functions\10396 {"metadata":{"emulator":{"name":"functions"},"message":"[worker-api-24060026-9bea-49e2-abda-a9f3741d08cf]: Assigning socketPath: \\\\?\\pipe\\C:\\Users\\quang\\Desktop\\Project\\btl\\functions\\10396"}}
[debug] [2021-05-25T19:53:05.087Z] [worker-api-24060026-9bea-49e2-abda-a9f3741d08cf]: BUSY {"metadata":{"emulator":{"name":"functions"},"message":"[worker-api-24060026-9bea-49e2-abda-a9f3741d08cf]: BUSY"}}
[debug] [2021-05-25T19:53:05.093Z] [runtime-status] [10396] Trigger "api" has been found, beginning invocation! {"metadata":{"emulator":{"name":"functions"},"function":{"name":"api"},"message":"[runtime-status] [10396] Trigger \"api\" has been found, beginning invocation!"}}
[info] i  functions: Beginning execution of "api" {"metadata":{"emulator":{"name":"functions"},"function":{"name":"api"},"message":"Beginning execution of \"api\""}}
[debug] [2021-05-25T19:53:05.095Z] [runtime-status] [10396] triggerDefinition {"httpsTrigger":{},"name":"api","entryPoint":"api"} {"metadata":{"emulator":{"name":"functions"},"function":{"name":"api"},"message":"[runtime-status] [10396] triggerDefinition {\"httpsTrigger\":{},\"name\":\"api\",\"entryPoint\":\"api\"}"}}
[debug] [2021-05-25T19:53:05.095Z] [runtime-status] [10396] Running api in mode HTTPS {"metadata":{"emulator":{"name":"functions"},"function":{"name":"api"},"message":"[runtime-status] [10396] Running api in mode HTTPS"}}
[debug] [2021-05-25T19:53:05.095Z] [runtime-status] [10396] Attempting to listen to socketPath: \\?\pipe\C:\Users\quang\Desktop\Project\btl\functions\10396 {"metadata":{"emulator":{"name":"functions"},"function":{"name":"api"},"message":"[runtime-status] [10396] Attempting to listen to socketPath: \\\\?\\pipe\\C:\\Users\\quang\\Desktop\\Project\\btl\\functions\\10396"}}
[debug] [2021-05-25T19:53:05.096Z] [functions] Runtime ready! Sending request! {"metadata":{"emulator":{"name":"functions"},"message":"[functions] Runtime ready! Sending request!"}}
[debug] [2021-05-25T19:53:05.096Z] [functions] Got req.url=/ecommrecewebsite/us-central1/api/payments/create, mapping to path=/payments/create {"metadata":{"emulator":{"name":"functions"},"message":"[functions] Got req.url=/ecommrecewebsite/us-central1/api/payments/create, mapping to path=/payments/create"}}
[debug] [2021-05-25T19:53:05.121Z] [runtime-status] [10396] Ephemeral server handling POST request {"metadata":{"emulator":{"name":"functions"},"function":{"name":"api"},"message":"[runtime-status] [10396] Ephemeral server handling POST request"}}
[debug] [2021-05-25T19:53:05.122Z] [runtime-status] [10396] Ephemeral server survived. {"metadata":{"emulator":{"name":"functions"},"function":{"name":"api"},"message":"[runtime-status] [10396] Ephemeral server survived."}}
[info] i  functions: Finished "api" in ~1s {"metadata":{"emulator":{"name":"functions"},"function":{"name":"api"},"message":"Finished \"api\" in ~1s"}}
[debug] [2021-05-25T19:53:05.124Z] [worker-api-24060026-9bea-49e2-abda-a9f3741d08cf]: IDLE {"metadata":{"emulator":{"name":"functions"},"message":"[worker-api-24060026-9bea-49e2-abda-a9f3741d08cf]: IDLE"}}
[debug] [2021-05-25T19:53:05.125Z] [work-queue] {"queueLength":0,"workRunningCount":0}
[debug] [2021-05-25T19:53:32.901Z] File C:\Users\quang\Desktop\Project\btl\functions\index.js changed, reloading triggers {"metadata":{"emulator":{"name":"functions"},"message":"File C:\\Users\\quang\\Desktop\\Project\\btl\\functions\\index.js changed, reloading triggers"}}
[debug] [2021-05-25T19:53:33.903Z] [worker-pool] Shutting down IDLE worker (~diagnostic~) {"metadata":{"emulator":{"name":"functions"},"message":"[worker-pool] Shutting down IDLE worker (~diagnostic~)"}}
[debug] [2021-05-25T19:53:33.903Z] [worker-~diagnostic~-ac8f5835-3b95-4934-83b7-24feb865a2d0]: FINISHING {"metadata":{"emulator":{"name":"functions"},"message":"[worker-~diagnostic~-ac8f5835-3b95-4934-83b7-24feb865a2d0]: FINISHING"}}
[debug] [2021-05-25T19:53:33.903Z] [worker-pool] Shutting down IDLE worker (api) {"metadata":{"emulator":{"name":"functions"},"message":"[worker-pool] Shutting down IDLE worker (api)"}}
[debug] [2021-05-25T19:53:33.904Z] [worker-api-24060026-9bea-49e2-abda-a9f3741d08cf]: FINISHING {"metadata":{"emulator":{"name":"functions"},"message":"[worker-api-24060026-9bea-49e2-abda-a9f3741d08cf]: FINISHING"}}
[debug] [2021-05-25T19:53:33.914Z] [worker-pool] addWorker(~diagnostic~) {"metadata":{"emulator":{"name":"functions"},"message":"[worker-pool] addWorker(~diagnostic~)"}}
[debug] [2021-05-25T19:53:33.914Z] [worker-pool] Adding worker with key ~diagnostic~, total=2 {"metadata":{"emulator":{"name":"functions"},"message":"[worker-pool] Adding worker with key ~diagnostic~, total=2"}}
[debug] [2021-05-25T19:53:33.915Z] [worker-pool] submitWork(triggerId=) {"metadata":{"emulator":{"name":"functions"},"message":"[worker-pool] submitWork(triggerId=)"}}
[debug] [2021-05-25T19:53:33.915Z] [worker-~diagnostic~-ffd09b1e-0d27-46d7-bf58-604369d3e4c3]: Assigning socketPath: \\?\pipe\C:\Users\quang\Desktop\Project\btl\functions\10456 {"metadata":{"emulator":{"name":"functions"},"message":"[worker-~diagnostic~-ffd09b1e-0d27-46d7-bf58-604369d3e4c3]: Assigning socketPath: \\\\?\\pipe\\C:\\Users\\quang\\Desktop\\Project\\btl\\functions\\10456"}}
[debug] [2021-05-25T19:53:33.915Z] [worker-~diagnostic~-ffd09b1e-0d27-46d7-bf58-604369d3e4c3]: BUSY {"metadata":{"emulator":{"name":"functions"},"message":"[worker-~diagnostic~-ffd09b1e-0d27-46d7-bf58-604369d3e4c3]: BUSY"}}
[debug] [2021-05-25T19:53:33.916Z] [worker-~diagnostic~-ac8f5835-3b95-4934-83b7-24feb865a2d0]: exited {"metadata":{"emulator":{"name":"functions"},"message":"[worker-~diagnostic~-ac8f5835-3b95-4934-83b7-24feb865a2d0]: exited"}}
[debug] [2021-05-25T19:53:33.917Z] [worker-~diagnostic~-ac8f5835-3b95-4934-83b7-24feb865a2d0]: FINISHED {"metadata":{"emulator":{"name":"functions"},"message":"[worker-~diagnostic~-ac8f5835-3b95-4934-83b7-24feb865a2d0]: FINISHED"}}
[debug] [2021-05-25T19:53:33.917Z] [worker-api-24060026-9bea-49e2-abda-a9f3741d08cf]: exited {"metadata":{"emulator":{"name":"functions"},"message":"[worker-api-24060026-9bea-49e2-abda-a9f3741d08cf]: exited"}}
[debug] [2021-05-25T19:53:33.917Z] [worker-api-24060026-9bea-49e2-abda-a9f3741d08cf]: FINISHED {"metadata":{"emulator":{"name":"functions"},"message":"[worker-api-24060026-9bea-49e2-abda-a9f3741d08cf]: FINISHED"}}
[debug] [2021-05-25T19:53:34.313Z] [runtime-status] [10456] Functions runtime initialized. {"cwd":"C:\\Users\\quang\\Desktop\\Project\\btl\\functions","node_version":"14.15.3"} {"metadata":{"emulator":{"name":"functions"},"message":"[runtime-status] [10456] Functions runtime initialized. {\"cwd\":\"C:\\\\Users\\\\quang\\\\Desktop\\\\Project\\\\btl\\\\functions\",\"node_version\":\"14.15.3\"}"}}
[debug] [2021-05-25T19:53:34.317Z] [runtime-status] [10456] Disabled runtime features: undefined {"metadata":{"emulator":{"name":"functions"},"message":"[runtime-status] [10456] Disabled runtime features: undefined"}}
[debug] [2021-05-25T19:53:34.324Z] [runtime-status] [10456] Resolved module firebase-admin {"declared":true,"installed":true,"version":"9.8.0","resolution":"C:\\Users\\quang\\Desktop\\Project\\btl\\functions\\node_modules\\firebase-admin\\lib\\index.js"} {"metadata":{"emulator":{"name":"functions"},"message":"[runtime-status] [10456] Resolved module firebase-admin {\"declared\":true,\"installed\":true,\"version\":\"9.8.0\",\"resolution\":\"C:\\\\Users\\\\quang\\\\Desktop\\\\Project\\\\btl\\\\functions\\\\node_modules\\\\firebase-admin\\\\lib\\\\index.js\"}"}}
[debug] [2021-05-25T19:53:34.327Z] [runtime-status] [10456] Resolved module firebase-functions {"declared":true,"installed":true,"version":"3.14.1","resolution":"C:\\Users\\quang\\Desktop\\Project\\btl\\functions\\node_modules\\firebase-functions\\lib\\index.js"} {"metadata":{"emulator":{"name":"functions"},"message":"[runtime-status] [10456] Resolved module firebase-functions {\"declared\":true,\"installed\":true,\"version\":\"3.14.1\",\"resolution\":\"C:\\\\Users\\\\quang\\\\Desktop\\\\Project\\\\btl\\\\functions\\\\node_modules\\\\firebase-functions\\\\lib\\\\index.js\"}"}}
[debug] [2021-05-25T19:53:34.330Z] [runtime-status] [10456] Resolved module firebase-functions {"declared":true,"installed":true,"version":"3.14.1","resolution":"C:\\Users\\quang\\Desktop\\Project\\btl\\functions\\node_modules\\firebase-functions\\lib\\index.js"} {"metadata":{"emulator":{"name":"functions"},"message":"[runtime-status] [10456] Resolved module firebase-functions {\"declared\":true,\"installed\":true,\"version\":\"3.14.1\",\"resolution\":\"C:\\\\Users\\\\quang\\\\Desktop\\\\Project\\\\btl\\\\functions\\\\node_modules\\\\firebase-functions\\\\lib\\\\index.js\"}"}}
[debug] [2021-05-25T19:53:34.334Z] [runtime-status] [10456] Outgoing network have been stubbed. [{"name":"http","status":"mocked"},{"name":"http","status":"mocked"},{"name":"https","status":"mocked"},{"name":"https","status":"mocked"},{"name":"net","status":"mocked"}] {"metadata":{"emulator":{"name":"functions"},"message":"[runtime-status] [10456] Outgoing network have been stubbed. [{\"name\":\"http\",\"status\":\"mocked\"},{\"name\":\"http\",\"status\":\"mocked\"},{\"name\":\"https\",\"status\":\"mocked\"},{\"name\":\"https\",\"status\":\"mocked\"},{\"name\":\"net\",\"status\":\"mocked\"}]"}}
[debug] [2021-05-25T19:53:34.335Z] [runtime-status] [10456] Resolved module firebase-functions {"declared":true,"installed":true,"version":"3.14.1","resolution":"C:\\Users\\quang\\Desktop\\Project\\btl\\functions\\node_modules\\firebase-functions\\lib\\index.js"} {"metadata":{"emulator":{"name":"functions"},"message":"[runtime-status] [10456] Resolved module firebase-functions {\"declared\":true,\"installed\":true,\"version\":\"3.14.1\",\"resolution\":\"C:\\\\Users\\\\quang\\\\Desktop\\\\Project\\\\btl\\\\functions\\\\node_modules\\\\firebase-functions\\\\lib\\\\index.js\"}"}}
[debug] [2021-05-25T19:53:34.456Z] [runtime-status] [10456] Checked functions.config() {"config":{}} {"metadata":{"emulator":{"name":"functions"},"message":"[runtime-status] [10456] Checked functions.config() {\"config\":{}}"}}
[debug] [2021-05-25T19:53:34.456Z] [runtime-status] [10456] firebase-functions has been stubbed. {"functionsResolution":{"declared":true,"installed":true,"version":"3.14.1","resolution":"C:\\Users\\quang\\Desktop\\Project\\btl\\functions\\node_modules\\firebase-functions\\lib\\index.js"}} {"metadata":{"emulator":{"name":"functions"},"message":"[runtime-status] [10456] firebase-functions has been stubbed. {\"functionsResolution\":{\"declared\":true,\"installed\":true,\"version\":\"3.14.1\",\"resolution\":\"C:\\\\Users\\\\quang\\\\Desktop\\\\Project\\\\btl\\\\functions\\\\node_modules\\\\firebase-functions\\\\lib\\\\index.js\"}}"}}
[debug] [2021-05-25T19:53:34.457Z] [runtime-status] [10456] Resolved module firebase-functions {"declared":true,"installed":true,"version":"3.14.1","resolution":"C:\\Users\\quang\\Desktop\\Project\\btl\\functions\\node_modules\\firebase-functions\\lib\\index.js"} {"metadata":{"emulator":{"name":"functions"},"message":"[runtime-status] [10456] Resolved module firebase-functions {\"declared\":true,\"installed\":true,\"version\":\"3.14.1\",\"resolution\":\"C:\\\\Users\\\\quang\\\\Desktop\\\\Project\\\\btl\\\\functions\\\\node_modules\\\\firebase-functions\\\\lib\\\\index.js\"}"}}
[debug] [2021-05-25T19:53:34.458Z] [runtime-status] [10456] Resolved module firebase-admin {"declared":true,"installed":true,"version":"9.8.0","resolution":"C:\\Users\\quang\\Desktop\\Project\\btl\\functions\\node_modules\\firebase-admin\\lib\\index.js"} {"metadata":{"emulator":{"name":"functions"},"message":"[runtime-status] [10456] Resolved module firebase-admin {\"declared\":true,\"installed\":true,\"version\":\"9.8.0\",\"resolution\":\"C:\\\\Users\\\\quang\\\\Desktop\\\\Project\\\\btl\\\\functions\\\\node_modules\\\\firebase-admin\\\\lib\\\\index.js\"}"}}
[debug] [2021-05-25T19:53:34.459Z] [runtime-status] [10456] Resolved module firebase-functions {"declared":true,"installed":true,"version":"3.14.1","resolution":"C:\\Users\\quang\\Desktop\\Project\\btl\\functions\\node_modules\\firebase-functions\\lib\\index.js"} {"metadata":{"emulator":{"name":"functions"},"message":"[runtime-status] [10456] Resolved module firebase-functions {\"declared\":true,\"installed\":true,\"version\":\"3.14.1\",\"resolution\":\"C:\\\\Users\\\\quang\\\\Desktop\\\\Project\\\\btl\\\\functions\\\\node_modules\\\\firebase-functions\\\\lib\\\\index.js\"}"}}
[debug] [2021-05-25T19:53:34.459Z] [runtime-status] [10456] firebase-admin has been stubbed. {"adminResolution":{"declared":true,"installed":true,"version":"9.8.0","resolution":"C:\\Users\\quang\\Desktop\\Project\\btl\\functions\\node_modules\\firebase-admin\\lib\\index.js"}} {"metadata":{"emulator":{"name":"functions"},"message":"[runtime-status] [10456] firebase-admin has been stubbed. {\"adminResolution\":{\"declared\":true,\"installed\":true,\"version\":\"9.8.0\",\"resolution\":\"C:\\\\Users\\\\quang\\\\Desktop\\\\Project\\\\btl\\\\functions\\\\node_modules\\\\firebase-admin\\\\lib\\\\index.js\"}}"}}
[debug] [2021-05-25T19:53:34.725Z] [worker-~diagnostic~-ffd09b1e-0d27-46d7-bf58-604369d3e4c3]: IDLE {"metadata":{"emulator":{"name":"functions"},"message":"[worker-~diagnostic~-ffd09b1e-0d27-46d7-bf58-604369d3e4c3]: IDLE"}}
[debug] [2021-05-25T19:56:57.863Z] [work-queue] {"queueLength":1,"workRunningCount":0}
[debug] [2021-05-25T19:56:57.863Z] [work-queue] {"queueLength":0,"workRunningCount":1}
[debug] [2021-05-25T19:56:57.863Z] Accepted request OPTIONS /ecommrecewebsite/us-central1/api/payments/create --> api
[debug] [2021-05-25T19:56:57.863Z] [worker-pool] Cleaned up workers for ~diagnostic~: 2 --> 1 {"metadata":{"emulator":{"name":"functions"},"message":"[worker-pool] Cleaned up workers for ~diagnostic~: 2 --> 1"}}
[debug] [2021-05-25T19:56:57.864Z] [worker-pool] Cleaned up workers for api: 1 --> 0 {"metadata":{"emulator":{"name":"functions"},"message":"[worker-pool] Cleaned up workers for api: 1 --> 0"}}
[debug] [2021-05-25T19:56:57.872Z] [worker-pool] addWorker(api) {"metadata":{"emulator":{"name":"functions"},"message":"[worker-pool] addWorker(api)"}}
[debug] [2021-05-25T19:56:57.872Z] [worker-pool] Adding worker with key api, total=1 {"metadata":{"emulator":{"name":"functions"},"message":"[worker-pool] Adding worker with key api, total=1"}}
[debug] [2021-05-25T19:56:57.873Z] [worker-pool] submitWork(triggerId=api) {"metadata":{"emulator":{"name":"functions"},"message":"[worker-pool] submitWork(triggerId=api)"}}
[debug] [2021-05-25T19:56:57.873Z] [worker-api-c8edf440-0904-4e13-982b-a85a3cb5eeaa]: Assigning socketPath: \\?\pipe\C:\Users\quang\Desktop\Project\btl\functions\8720 {"metadata":{"emulator":{"name":"functions"},"message":"[worker-api-c8edf440-0904-4e13-982b-a85a3cb5eeaa]: Assigning socketPath: \\\\?\\pipe\\C:\\Users\\quang\\Desktop\\Project\\btl\\functions\\8720"}}
[debug] [2021-05-25T19:56:57.873Z] [worker-api-c8edf440-0904-4e13-982b-a85a3cb5eeaa]: BUSY {"metadata":{"emulator":{"name":"functions"},"message":"[worker-api-c8edf440-0904-4e13-982b-a85a3cb5eeaa]: BUSY"}}
[debug] [2021-05-25T19:56:58.110Z] [runtime-status] [8720] Functions runtime initialized. {"cwd":"C:\\Users\\quang\\Desktop\\Project\\btl\\functions","node_version":"14.15.3"} {"metadata":{"emulator":{"name":"functions"},"function":{"name":"api"},"message":"[runtime-status] [8720] Functions runtime initialized. {\"cwd\":\"C:\\\\Users\\\\quang\\\\Desktop\\\\Project\\\\btl\\\\functions\",\"node_version\":\"14.15.3\"}"}}
[debug] [2021-05-25T19:56:58.112Z] [runtime-status] [8720] Disabled runtime features: undefined {"metadata":{"emulator":{"name":"functions"},"function":{"name":"api"},"message":"[runtime-status] [8720] Disabled runtime features: undefined"}}
[debug] [2021-05-25T19:56:58.115Z] [runtime-status] [8720] Resolved module firebase-admin {"declared":true,"installed":true,"version":"9.8.0","resolution":"C:\\Users\\quang\\Desktop\\Project\\btl\\functions\\node_modules\\firebase-admin\\lib\\index.js"} {"metadata":{"emulator":{"name":"functions"},"function":{"name":"api"},"message":"[runtime-status] [8720] Resolved module firebase-admin {\"declared\":true,\"installed\":true,\"version\":\"9.8.0\",\"resolution\":\"C:\\\\Users\\\\quang\\\\Desktop\\\\Project\\\\btl\\\\functions\\\\node_modules\\\\firebase-admin\\\\lib\\\\index.js\"}"}}
[debug] [2021-05-25T19:56:58.117Z] [runtime-status] [8720] Resolved module firebase-functions {"declared":true,"installed":true,"version":"3.14.1","resolution":"C:\\Users\\quang\\Desktop\\Project\\btl\\functions\\node_modules\\firebase-functions\\lib\\index.js"} {"metadata":{"emulator":{"name":"functions"},"function":{"name":"api"},"message":"[runtime-status] [8720] Resolved module firebase-functions {\"declared\":true,\"installed\":true,\"version\":\"3.14.1\",\"resolution\":\"C:\\\\Users\\\\quang\\\\Desktop\\\\Project\\\\btl\\\\functions\\\\node_modules\\\\firebase-functions\\\\lib\\\\index.js\"}"}}
[debug] [2021-05-25T19:56:58.119Z] [runtime-status] [8720] Resolved module firebase-functions {"declared":true,"installed":true,"version":"3.14.1","resolution":"C:\\Users\\quang\\Desktop\\Project\\btl\\functions\\node_modules\\firebase-functions\\lib\\index.js"} {"metadata":{"emulator":{"name":"functions"},"function":{"name":"api"},"message":"[runtime-status] [8720] Resolved module firebase-functions {\"declared\":true,\"installed\":true,\"version\":\"3.14.1\",\"resolution\":\"C:\\\\Users\\\\quang\\\\Desktop\\\\Project\\\\btl\\\\functions\\\\node_modules\\\\firebase-functions\\\\lib\\\\index.js\"}"}}
[debug] [2021-05-25T19:56:58.121Z] [runtime-status] [8720] Outgoing network have been stubbed. [{"name":"http","status":"mocked"},{"name":"http","status":"mocked"},{"name":"https","status":"mocked"},{"name":"https","status":"mocked"},{"name":"net","status":"mocked"}] {"metadata":{"emulator":{"name":"functions"},"function":{"name":"api"},"message":"[runtime-status] [8720] Outgoing network have been stubbed. [{\"name\":\"http\",\"status\":\"mocked\"},{\"name\":\"http\",\"status\":\"mocked\"},{\"name\":\"https\",\"status\":\"mocked\"},{\"name\":\"https\",\"status\":\"mocked\"},{\"name\":\"net\",\"status\":\"mocked\"}]"}}
[debug] [2021-05-25T19:56:58.122Z] [runtime-status] [8720] Resolved module firebase-functions {"declared":true,"installed":true,"version":"3.14.1","resolution":"C:\\Users\\quang\\Desktop\\Project\\btl\\functions\\node_modules\\firebase-functions\\lib\\index.js"} {"metadata":{"emulator":{"name":"functions"},"function":{"name":"api"},"message":"[runtime-status] [8720] Resolved module firebase-functions {\"declared\":true,\"installed\":true,\"version\":\"3.14.1\",\"resolution\":\"C:\\\\Users\\\\quang\\\\Desktop\\\\Project\\\\btl\\\\functions\\\\node_modules\\\\firebase-functions\\\\lib\\\\index.js\"}"}}
[debug] [2021-05-25T19:56:58.172Z] [runtime-status] [8720] Checked functions.config() {"config":{}} {"metadata":{"emulator":{"name":"functions"},"function":{"name":"api"},"message":"[runtime-status] [8720] Checked functions.config() {\"config\":{}}"}}
[debug] [2021-05-25T19:56:58.172Z] [runtime-status] [8720] firebase-functions has been stubbed. {"functionsResolution":{"declared":true,"installed":true,"version":"3.14.1","resolution":"C:\\Users\\quang\\Desktop\\Project\\btl\\functions\\node_modules\\firebase-functions\\lib\\index.js"}} {"metadata":{"emulator":{"name":"functions"},"function":{"name":"api"},"message":"[runtime-status] [8720] firebase-functions has been stubbed. {\"functionsResolution\":{\"declared\":true,\"installed\":true,\"version\":\"3.14.1\",\"resolution\":\"C:\\\\Users\\\\quang\\\\Desktop\\\\Project\\\\btl\\\\functions\\\\node_modules\\\\firebase-functions\\\\lib\\\\index.js\"}}"}}
[debug] [2021-05-25T19:56:58.173Z] [runtime-status] [8720] Resolved module firebase-functions {"declared":true,"installed":true,"version":"3.14.1","resolution":"C:\\Users\\quang\\Desktop\\Project\\btl\\functions\\node_modules\\firebase-functions\\lib\\index.js"} {"metadata":{"emulator":{"name":"functions"},"function":{"name":"api"},"message":"[runtime-status] [8720] Resolved module firebase-functions {\"declared\":true,\"installed\":true,\"version\":\"3.14.1\",\"resolution\":\"C:\\\\Users\\\\quang\\\\Desktop\\\\Project\\\\btl\\\\functions\\\\node_modules\\\\firebase-functions\\\\lib\\\\index.js\"}"}}
[debug] [2021-05-25T19:56:58.174Z] [runtime-status] [8720] Resolved module firebase-admin {"declared":true,"installed":true,"version":"9.8.0","resolution":"C:\\Users\\quang\\Desktop\\Project\\btl\\functions\\node_modules\\firebase-admin\\lib\\index.js"} {"metadata":{"emulator":{"name":"functions"},"function":{"name":"api"},"message":"[runtime-status] [8720] Resolved module firebase-admin {\"declared\":true,\"installed\":true,\"version\":\"9.8.0\",\"resolution\":\"C:\\\\Users\\\\quang\\\\Desktop\\\\Project\\\\btl\\\\functions\\\\node_modules\\\\firebase-admin\\\\lib\\\\index.js\"}"}}
[debug] [2021-05-25T19:56:58.175Z] [runtime-status] [8720] Resolved module firebase-functions {"declared":true,"installed":true,"version":"3.14.1","resolution":"C:\\Users\\quang\\Desktop\\Project\\btl\\functions\\node_modules\\firebase-functions\\lib\\index.js"} {"metadata":{"emulator":{"name":"functions"},"function":{"name":"api"},"message":"[runtime-status] [8720] Resolved module firebase-functions {\"declared\":true,\"installed\":true,\"version\":\"3.14.1\",\"resolution\":\"C:\\\\Users\\\\quang\\\\Desktop\\\\Project\\\\btl\\\\functions\\\\node_modules\\\\firebase-functions\\\\lib\\\\index.js\"}"}}
[debug] [2021-05-25T19:56:58.175Z] [runtime-status] [8720] firebase-admin has been stubbed. {"adminResolution":{"declared":true,"installed":true,"version":"9.8.0","resolution":"C:\\Users\\quang\\Desktop\\Project\\btl\\functions\\node_modules\\firebase-admin\\lib\\index.js"}} {"metadata":{"emulator":{"name":"functions"},"function":{"name":"api"},"message":"[runtime-status] [8720] firebase-admin has been stubbed. {\"adminResolution\":{\"declared\":true,\"installed\":true,\"version\":\"9.8.0\",\"resolution\":\"C:\\\\Users\\\\quang\\\\Desktop\\\\Project\\\\btl\\\\functions\\\\node_modules\\\\firebase-admin\\\\lib\\\\index.js\"}}"}}
[debug] [2021-05-25T19:56:58.357Z] [runtime-status] [8720] Trigger "api" has been found, beginning invocation! {"metadata":{"emulator":{"name":"functions"},"function":{"name":"api"},"message":"[runtime-status] [8720] Trigger \"api\" has been found, beginning invocation!"}}
[info] i  functions: Beginning execution of "api" {"metadata":{"emulator":{"name":"functions"},"function":{"name":"api"},"message":"Beginning execution of \"api\""}}
[debug] [2021-05-25T19:56:58.358Z] [runtime-status] [8720] triggerDefinition {"httpsTrigger":{},"name":"api","entryPoint":"api"} {"metadata":{"emulator":{"name":"functions"},"function":{"name":"api"},"message":"[runtime-status] [8720] triggerDefinition {\"httpsTrigger\":{},\"name\":\"api\",\"entryPoint\":\"api\"}"}}
[debug] [2021-05-25T19:56:58.358Z] [runtime-status] [8720] Running api in mode HTTPS {"metadata":{"emulator":{"name":"functions"},"function":{"name":"api"},"message":"[runtime-status] [8720] Running api in mode HTTPS"}}
[debug] [2021-05-25T19:56:58.361Z] [runtime-status] [8720] Attempting to listen to socketPath: \\?\pipe\C:\Users\quang\Desktop\Project\btl\functions\8720 {"metadata":{"emulator":{"name":"functions"},"function":{"name":"api"},"message":"[runtime-status] [8720] Attempting to listen to socketPath: \\\\?\\pipe\\C:\\Users\\quang\\Desktop\\Project\\btl\\functions\\8720"}}
[debug] [2021-05-25T19:56:58.364Z] [functions] Runtime ready! Sending request! {"metadata":{"emulator":{"name":"functions"},"message":"[functions] Runtime ready! Sending request!"}}
[debug] [2021-05-25T19:56:58.365Z] [functions] Got req.url=/ecommrecewebsite/us-central1/api/payments/create, mapping to path=/payments/create {"metadata":{"emulator":{"name":"functions"},"message":"[functions] Got req.url=/ecommrecewebsite/us-central1/api/payments/create, mapping to path=/payments/create"}}
[debug] [2021-05-25T19:56:58.377Z] [runtime-status] [8720] Ephemeral server handling OPTIONS request {"metadata":{"emulator":{"name":"functions"},"function":{"name":"api"},"message":"[runtime-status] [8720] Ephemeral server handling OPTIONS request"}}
[debug] [2021-05-25T19:56:58.382Z] [runtime-status] [8720] Ephemeral server survived. {"metadata":{"emulator":{"name":"functions"},"function":{"name":"api"},"message":"[runtime-status] [8720] Ephemeral server survived."}}
[debug] [2021-05-25T19:56:58.383Z] [work-queue] {"queueLength":1,"workRunningCount":1}
[debug] [2021-05-25T19:56:58.383Z] [work-queue] {"queueLength":0,"workRunningCount":2}
[debug] [2021-05-25T19:56:58.383Z] Accepted request POST /ecommrecewebsite/us-central1/api/payments/create --> api
[debug] [2021-05-25T19:56:58.390Z] [worker-pool] addWorker(api) {"metadata":{"emulator":{"name":"functions"},"message":"[worker-pool] addWorker(api)"}}
[debug] [2021-05-25T19:56:58.391Z] [worker-pool] Adding worker with key api, total=2 {"metadata":{"emulator":{"name":"functions"},"message":"[worker-pool] Adding worker with key api, total=2"}}
[debug] [2021-05-25T19:56:58.391Z] [worker-pool] submitWork(triggerId=api) {"metadata":{"emulator":{"name":"functions"},"message":"[worker-pool] submitWork(triggerId=api)"}}
[debug] [2021-05-25T19:56:58.391Z] [worker-api-85fcfc0e-130d-4d62-953b-c146815cf5e5]: Assigning socketPath: \\?\pipe\C:\Users\quang\Desktop\Project\btl\functions\17256 {"metadata":{"emulator":{"name":"functions"},"message":"[worker-api-85fcfc0e-130d-4d62-953b-c146815cf5e5]: Assigning socketPath: \\\\?\\pipe\\C:\\Users\\quang\\Desktop\\Project\\btl\\functions\\17256"}}
[debug] [2021-05-25T19:56:58.391Z] [worker-api-85fcfc0e-130d-4d62-953b-c146815cf5e5]: BUSY {"metadata":{"emulator":{"name":"functions"},"message":"[worker-api-85fcfc0e-130d-4d62-953b-c146815cf5e5]: BUSY"}}
[info] i  functions: Finished "api" in ~1s {"metadata":{"emulator":{"name":"functions"},"function":{"name":"api"},"message":"Finished \"api\" in ~1s"}}
[debug] [2021-05-25T19:56:58.393Z] [worker-api-c8edf440-0904-4e13-982b-a85a3cb5eeaa]: IDLE {"metadata":{"emulator":{"name":"functions"},"message":"[worker-api-c8edf440-0904-4e13-982b-a85a3cb5eeaa]: IDLE"}}
[debug] [2021-05-25T19:56:58.393Z] [work-queue] {"queueLength":0,"workRunningCount":1}
[debug] [2021-05-25T19:56:58.627Z] [runtime-status] [17256] Functions runtime initialized. {"cwd":"C:\\Users\\quang\\Desktop\\Project\\btl\\functions","node_version":"14.15.3"} {"metadata":{"emulator":{"name":"functions"},"function":{"name":"api"},"message":"[runtime-status] [17256] Functions runtime initialized. {\"cwd\":\"C:\\\\Users\\\\quang\\\\Desktop\\\\Project\\\\btl\\\\functions\",\"node_version\":\"14.15.3\"}"}}
[debug] [2021-05-25T19:56:58.628Z] [runtime-status] [17256] Disabled runtime features: undefined {"metadata":{"emulator":{"name":"functions"},"function":{"name":"api"},"message":"[runtime-status] [17256] Disabled runtime features: undefined"}}
[debug] [2021-05-25T19:56:58.631Z] [runtime-status] [17256] Resolved module firebase-admin {"declared":true,"installed":true,"version":"9.8.0","resolution":"C:\\Users\\quang\\Desktop\\Project\\btl\\functions\\node_modules\\firebase-admin\\lib\\index.js"} {"metadata":{"emulator":{"name":"functions"},"function":{"name":"api"},"message":"[runtime-status] [17256] Resolved module firebase-admin {\"declared\":true,\"installed\":true,\"version\":\"9.8.0\",\"resolution\":\"C:\\\\Users\\\\quang\\\\Desktop\\\\Project\\\\btl\\\\functions\\\\node_modules\\\\firebase-admin\\\\lib\\\\index.js\"}"}}
[debug] [2021-05-25T19:56:58.633Z] [runtime-status] [17256] Resolved module firebase-functions {"declared":true,"installed":true,"version":"3.14.1","resolution":"C:\\Users\\quang\\Desktop\\Project\\btl\\functions\\node_modules\\firebase-functions\\lib\\index.js"} {"metadata":{"emulator":{"name":"functions"},"function":{"name":"api"},"message":"[runtime-status] [17256] Resolved module firebase-functions {\"declared\":true,\"installed\":true,\"version\":\"3.14.1\",\"resolution\":\"C:\\\\Users\\\\quang\\\\Desktop\\\\Project\\\\btl\\\\functions\\\\node_modules\\\\firebase-functions\\\\lib\\\\index.js\"}"}}
[debug] [2021-05-25T19:56:58.635Z] [runtime-status] [17256] Resolved module firebase-functions {"declared":true,"installed":true,"version":"3.14.1","resolution":"C:\\Users\\quang\\Desktop\\Project\\btl\\functions\\node_modules\\firebase-functions\\lib\\index.js"} {"metadata":{"emulator":{"name":"functions"},"function":{"name":"api"},"message":"[runtime-status] [17256] Resolved module firebase-functions {\"declared\":true,\"installed\":true,\"version\":\"3.14.1\",\"resolution\":\"C:\\\\Users\\\\quang\\\\Desktop\\\\Project\\\\btl\\\\functions\\\\node_modules\\\\firebase-functions\\\\lib\\\\index.js\"}"}}
[debug] [2021-05-25T19:56:58.637Z] [runtime-status] [17256] Outgoing network have been stubbed. [{"name":"http","status":"mocked"},{"name":"http","status":"mocked"},{"name":"https","status":"mocked"},{"name":"https","status":"mocked"},{"name":"net","status":"mocked"}] {"metadata":{"emulator":{"name":"functions"},"function":{"name":"api"},"message":"[runtime-status] [17256] Outgoing network have been stubbed. [{\"name\":\"http\",\"status\":\"mocked\"},{\"name\":\"http\",\"status\":\"mocked\"},{\"name\":\"https\",\"status\":\"mocked\"},{\"name\":\"https\",\"status\":\"mocked\"},{\"name\":\"net\",\"status\":\"mocked\"}]"}}
[debug] [2021-05-25T19:56:58.638Z] [runtime-status] [17256] Resolved module firebase-functions {"declared":true,"installed":true,"version":"3.14.1","resolution":"C:\\Users\\quang\\Desktop\\Project\\btl\\functions\\node_modules\\firebase-functions\\lib\\index.js"} {"metadata":{"emulator":{"name":"functions"},"function":{"name":"api"},"message":"[runtime-status] [17256] Resolved module firebase-functions {\"declared\":true,\"installed\":true,\"version\":\"3.14.1\",\"resolution\":\"C:\\\\Users\\\\quang\\\\Desktop\\\\Project\\\\btl\\\\functions\\\\node_modules\\\\firebase-functions\\\\lib\\\\index.js\"}"}}
[debug] [2021-05-25T19:56:58.686Z] [runtime-status] [17256] Checked functions.config() {"config":{}} {"metadata":{"emulator":{"name":"functions"},"function":{"name":"api"},"message":"[runtime-status] [17256] Checked functions.config() {\"config\":{}}"}}
[debug] [2021-05-25T19:56:58.687Z] [runtime-status] [17256] firebase-functions has been stubbed. {"functionsResolution":{"declared":true,"installed":true,"version":"3.14.1","resolution":"C:\\Users\\quang\\Desktop\\Project\\btl\\functions\\node_modules\\firebase-functions\\lib\\index.js"}} {"metadata":{"emulator":{"name":"functions"},"function":{"name":"api"},"message":"[runtime-status] [17256] firebase-functions has been stubbed. {\"functionsResolution\":{\"declared\":true,\"installed\":true,\"version\":\"3.14.1\",\"resolution\":\"C:\\\\Users\\\\quang\\\\Desktop\\\\Project\\\\btl\\\\functions\\\\node_modules\\\\firebase-functions\\\\lib\\\\index.js\"}}"}}
[debug] [2021-05-25T19:56:58.687Z] [runtime-status] [17256] Resolved module firebase-functions {"declared":true,"installed":true,"version":"3.14.1","resolution":"C:\\Users\\quang\\Desktop\\Project\\btl\\functions\\node_modules\\firebase-functions\\lib\\index.js"} {"metadata":{"emulator":{"name":"functions"},"function":{"name":"api"},"message":"[runtime-status] [17256] Resolved module firebase-functions {\"declared\":true,\"installed\":true,\"version\":\"3.14.1\",\"resolution\":\"C:\\\\Users\\\\quang\\\\Desktop\\\\Project\\\\btl\\\\functions\\\\node_modules\\\\firebase-functions\\\\lib\\\\index.js\"}"}}
[debug] [2021-05-25T19:56:58.689Z] [runtime-status] [17256] Resolved module firebase-admin {"declared":true,"installed":true,"version":"9.8.0","resolution":"C:\\Users\\quang\\Desktop\\Project\\btl\\functions\\node_modules\\firebase-admin\\lib\\index.js"} {"metadata":{"emulator":{"name":"functions"},"function":{"name":"api"},"message":"[runtime-status] [17256] Resolved module firebase-admin {\"declared\":true,\"installed\":true,\"version\":\"9.8.0\",\"resolution\":\"C:\\\\Users\\\\quang\\\\Desktop\\\\Project\\\\btl\\\\functions\\\\node_modules\\\\firebase-admin\\\\lib\\\\index.js\"}"}}
[debug] [2021-05-25T19:56:58.690Z] [runtime-status] [17256] Resolved module firebase-functions {"declared":true,"installed":true,"version":"3.14.1","resolution":"C:\\Users\\quang\\Desktop\\Project\\btl\\functions\\node_modules\\firebase-functions\\lib\\index.js"} {"metadata":{"emulator":{"name":"functions"},"function":{"name":"api"},"message":"[runtime-status] [17256] Resolved module firebase-functions {\"declared\":true,\"installed\":true,\"version\":\"3.14.1\",\"resolution\":\"C:\\\\Users\\\\quang\\\\Desktop\\\\Project\\\\btl\\\\functions\\\\node_modules\\\\firebase-functions\\\\lib\\\\index.js\"}"}}
[debug] [2021-05-25T19:56:58.690Z] [runtime-status] [17256] firebase-admin has been stubbed. {"adminResolution":{"declared":true,"installed":true,"version":"9.8.0","resolution":"C:\\Users\\quang\\Desktop\\Project\\btl\\functions\\node_modules\\firebase-admin\\lib\\index.js"}} {"metadata":{"emulator":{"name":"functions"},"function":{"name":"api"},"message":"[runtime-status] [17256] firebase-admin has been stubbed. {\"adminResolution\":{\"declared\":true,\"installed\":true,\"version\":\"9.8.0\",\"resolution\":\"C:\\\\Users\\\\quang\\\\Desktop\\\\Project\\\\btl\\\\functions\\\\node_modules\\\\firebase-admin\\\\lib\\\\index.js\"}}"}}
[debug] [2021-05-25T19:56:58.866Z] [runtime-status] [17256] Trigger "api" has been found, beginning invocation! {"metadata":{"emulator":{"name":"functions"},"function":{"name":"api"},"message":"[runtime-status] [17256] Trigger \"api\" has been found, beginning invocation!"}}
[info] i  functions: Beginning execution of "api" {"metadata":{"emulator":{"name":"functions"},"function":{"name":"api"},"message":"Beginning execution of \"api\""}}
[debug] [2021-05-25T19:56:58.867Z] [runtime-status] [17256] triggerDefinition {"httpsTrigger":{},"name":"api","entryPoint":"api"} {"metadata":{"emulator":{"name":"functions"},"function":{"name":"api"},"message":"[runtime-status] [17256] triggerDefinition {\"httpsTrigger\":{},\"name\":\"api\",\"entryPoint\":\"api\"}"}}
[debug] [2021-05-25T19:56:58.867Z] [runtime-status] [17256] Running api in mode HTTPS {"metadata":{"emulator":{"name":"functions"},"function":{"name":"api"},"message":"[runtime-status] [17256] Running api in mode HTTPS"}}
[debug] [2021-05-25T19:56:58.872Z] [runtime-status] [17256] Attempting to listen to socketPath: \\?\pipe\C:\Users\quang\Desktop\Project\btl\functions\17256 {"metadata":{"emulator":{"name":"functions"},"function":{"name":"api"},"message":"[runtime-status] [17256] Attempting to listen to socketPath: \\\\?\\pipe\\C:\\Users\\quang\\Desktop\\Project\\btl\\functions\\17256"}}
[debug] [2021-05-25T19:56:58.875Z] [functions] Runtime ready! Sending request! {"metadata":{"emulator":{"name":"functions"},"message":"[functions] Runtime ready! Sending request!"}}
[debug] [2021-05-25T19:56:58.875Z] [functions] Got req.url=/ecommrecewebsite/us-central1/api/payments/create, mapping to path=/payments/create {"metadata":{"emulator":{"name":"functions"},"message":"[functions] Got req.url=/ecommrecewebsite/us-central1/api/payments/create, mapping to path=/payments/create"}}
[debug] [2021-05-25T19:56:58.900Z] [runtime-status] [17256] Ephemeral server handling POST request {"metadata":{"emulator":{"name":"functions"},"function":{"name":"api"},"message":"[runtime-status] [17256] Ephemeral server handling POST request"}}
[debug] [2021-05-25T19:56:58.907Z] [runtime-status] [17256] Ephemeral server survived. {"metadata":{"emulator":{"name":"functions"},"function":{"name":"api"},"message":"[runtime-status] [17256] Ephemeral server survived."}}
[info] i  functions: Finished "api" in ~1s {"metadata":{"emulator":{"name":"functions"},"function":{"name":"api"},"message":"Finished \"api\" in ~1s"}}
[debug] [2021-05-25T19:56:58.911Z] [worker-api-85fcfc0e-130d-4d62-953b-c146815cf5e5]: IDLE {"metadata":{"emulator":{"name":"functions"},"message":"[worker-api-85fcfc0e-130d-4d62-953b-c146815cf5e5]: IDLE"}}
[debug] [2021-05-25T19:56:58.911Z] [work-queue] {"queueLength":0,"workRunningCount":0}
[debug] [2021-05-25T19:57:10.024Z] [work-queue] {"queueLength":1,"workRunningCount":0}
[debug] [2021-05-25T19:57:10.024Z] [work-queue] {"queueLength":0,"workRunningCount":1}
[debug] [2021-05-25T19:57:10.024Z] Accepted request OPTIONS /ecommrecewebsite/us-central1/api/payments/create --> api
[debug] [2021-05-25T19:57:10.024Z] [worker-pool] submitWork(triggerId=api) {"metadata":{"emulator":{"name":"functions"},"message":"[worker-pool] submitWork(triggerId=api)"}}
[debug] [2021-05-25T19:57:10.024Z] [worker-api-c8edf440-0904-4e13-982b-a85a3cb5eeaa]: Assigning socketPath: \\?\pipe\C:\Users\quang\Desktop\Project\btl\functions\8720 {"metadata":{"emulator":{"name":"functions"},"message":"[worker-api-c8edf440-0904-4e13-982b-a85a3cb5eeaa]: Assigning socketPath: \\\\?\\pipe\\C:\\Users\\quang\\Desktop\\Project\\btl\\functions\\8720"}}
[debug] [2021-05-25T19:57:10.024Z] [worker-api-c8edf440-0904-4e13-982b-a85a3cb5eeaa]: BUSY {"metadata":{"emulator":{"name":"functions"},"message":"[worker-api-c8edf440-0904-4e13-982b-a85a3cb5eeaa]: BUSY"}}
[debug] [2021-05-25T19:57:10.025Z] [runtime-status] [8720] Trigger "api" has been found, beginning invocation! {"metadata":{"emulator":{"name":"functions"},"function":{"name":"api"},"message":"[runtime-status] [8720] Trigger \"api\" has been found, beginning invocation!"}}
[info] i  functions: Beginning execution of "api" {"metadata":{"emulator":{"name":"functions"},"function":{"name":"api"},"message":"Beginning execution of \"api\""}}
[debug] [2021-05-25T19:57:10.026Z] [runtime-status] [8720] triggerDefinition {"httpsTrigger":{},"name":"api","entryPoint":"api"} {"metadata":{"emulator":{"name":"functions"},"function":{"name":"api"},"message":"[runtime-status] [8720] triggerDefinition {\"httpsTrigger\":{},\"name\":\"api\",\"entryPoint\":\"api\"}"}}
[debug] [2021-05-25T19:57:10.026Z] [runtime-status] [8720] Running api in mode HTTPS {"metadata":{"emulator":{"name":"functions"},"function":{"name":"api"},"message":"[runtime-status] [8720] Running api in mode HTTPS"}}
[debug] [2021-05-25T19:57:10.027Z] [runtime-status] [8720] Attempting to listen to socketPath: \\?\pipe\C:\Users\quang\Desktop\Project\btl\functions\8720 {"metadata":{"emulator":{"name":"functions"},"function":{"name":"api"},"message":"[runtime-status] [8720] Attempting to listen to socketPath: \\\\?\\pipe\\C:\\Users\\quang\\Desktop\\Project\\btl\\functions\\8720"}}
[debug] [2021-05-25T19:57:10.028Z] [functions] Runtime ready! Sending request! {"metadata":{"emulator":{"name":"functions"},"message":"[functions] Runtime ready! Sending request!"}}
[debug] [2021-05-25T19:57:10.028Z] [functions] Got req.url=/ecommrecewebsite/us-central1/api/payments/create, mapping to path=/payments/create {"metadata":{"emulator":{"name":"functions"},"message":"[functions] Got req.url=/ecommrecewebsite/us-central1/api/payments/create, mapping to path=/payments/create"}}
[debug] [2021-05-25T19:57:10.031Z] [runtime-status] [8720] Ephemeral server handling OPTIONS request {"metadata":{"emulator":{"name":"functions"},"function":{"name":"api"},"message":"[runtime-status] [8720] Ephemeral server handling OPTIONS request"}}
[debug] [2021-05-25T19:57:10.032Z] [runtime-status] [8720] Ephemeral server survived. {"metadata":{"emulator":{"name":"functions"},"function":{"name":"api"},"message":"[runtime-status] [8720] Ephemeral server survived."}}
[info] i  functions: Finished "api" in ~1s {"metadata":{"emulator":{"name":"functions"},"function":{"name":"api"},"message":"Finished \"api\" in ~1s"}}
[debug] [2021-05-25T19:57:10.034Z] [worker-api-c8edf440-0904-4e13-982b-a85a3cb5eeaa]: IDLE {"metadata":{"emulator":{"name":"functions"},"message":"[worker-api-c8edf440-0904-4e13-982b-a85a3cb5eeaa]: IDLE"}}
[debug] [2021-05-25T19:57:10.035Z] [work-queue] {"queueLength":0,"workRunningCount":0}
[debug] [2021-05-25T19:57:10.036Z] [work-queue] {"queueLength":1,"workRunningCount":0}
[debug] [2021-05-25T19:57:10.037Z] [work-queue] {"queueLength":0,"workRunningCount":1}
[debug] [2021-05-25T19:57:10.037Z] Accepted request POST /ecommrecewebsite/us-central1/api/payments/create --> api
[debug] [2021-05-25T19:57:10.037Z] [worker-pool] submitWork(triggerId=api) {"metadata":{"emulator":{"name":"functions"},"message":"[worker-pool] submitWork(triggerId=api)"}}
[debug] [2021-05-25T19:57:10.037Z] [worker-api-c8edf440-0904-4e13-982b-a85a3cb5eeaa]: Assigning socketPath: \\?\pipe\C:\Users\quang\Desktop\Project\btl\functions\8720 {"metadata":{"emulator":{"name":"functions"},"message":"[worker-api-c8edf440-0904-4e13-982b-a85a3cb5eeaa]: Assigning socketPath: \\\\?\\pipe\\C:\\Users\\quang\\Desktop\\Project\\btl\\functions\\8720"}}
[debug] [2021-05-25T19:57:10.037Z] [worker-api-c8edf440-0904-4e13-982b-a85a3cb5eeaa]: BUSY {"metadata":{"emulator":{"name":"functions"},"message":"[worker-api-c8edf440-0904-4e13-982b-a85a3cb5eeaa]: BUSY"}}
[debug] [2021-05-25T19:57:10.045Z] [runtime-status] [8720] Trigger "api" has been found, beginning invocation! {"metadata":{"emulator":{"name":"functions"},"function":{"name":"api"},"message":"[runtime-status] [8720] Trigger \"api\" has been found, beginning invocation!"}}
[info] i  functions: Beginning execution of "api" {"metadata":{"emulator":{"name":"functions"},"function":{"name":"api"},"message":"Beginning execution of \"api\""}}
[debug] [2021-05-25T19:57:10.046Z] [runtime-status] [8720] triggerDefinition {"httpsTrigger":{},"name":"api","entryPoint":"api"} {"metadata":{"emulator":{"name":"functions"},"function":{"name":"api"},"message":"[runtime-status] [8720] triggerDefinition {\"httpsTrigger\":{},\"name\":\"api\",\"entryPoint\":\"api\"}"}}
[debug] [2021-05-25T19:57:10.047Z] [runtime-status] [8720] Running api in mode HTTPS {"metadata":{"emulator":{"name":"functions"},"function":{"name":"api"},"message":"[runtime-status] [8720] Running api in mode HTTPS"}}
[debug] [2021-05-25T19:57:10.047Z] [runtime-status] [8720] Attempting to listen to socketPath: \\?\pipe\C:\Users\quang\Desktop\Project\btl\functions\8720 {"metadata":{"emulator":{"name":"functions"},"function":{"name":"api"},"message":"[runtime-status] [8720] Attempting to listen to socketPath: \\\\?\\pipe\\C:\\Users\\quang\\Desktop\\Project\\btl\\functions\\8720"}}
[debug] [2021-05-25T19:57:10.049Z] [functions] Runtime ready! Sending request! {"metadata":{"emulator":{"name":"functions"},"message":"[functions] Runtime ready! Sending request!"}}
[debug] [2021-05-25T19:57:10.049Z] [functions] Got req.url=/ecommrecewebsite/us-central1/api/payments/create, mapping to path=/payments/create {"metadata":{"emulator":{"name":"functions"},"message":"[functions] Got req.url=/ecommrecewebsite/us-central1/api/payments/create, mapping to path=/payments/create"}}
[debug] [2021-05-25T19:57:10.071Z] [runtime-status] [8720] Ephemeral server handling POST request {"metadata":{"emulator":{"name":"functions"},"function":{"name":"api"},"message":"[runtime-status] [8720] Ephemeral server handling POST request"}}
[debug] [2021-05-25T19:57:10.075Z] [runtime-status] [8720] Ephemeral server survived. {"metadata":{"emulator":{"name":"functions"},"function":{"name":"api"},"message":"[runtime-status] [8720] Ephemeral server survived."}}
[info] i  functions: Finished "api" in ~1s {"metadata":{"emulator":{"name":"functions"},"function":{"name":"api"},"message":"Finished \"api\" in ~1s"}}
[debug] [2021-05-25T19:57:10.076Z] [worker-api-c8edf440-0904-4e13-982b-a85a3cb5eeaa]: IDLE {"metadata":{"emulator":{"name":"functions"},"message":"[worker-api-c8edf440-0904-4e13-982b-a85a3cb5eeaa]: IDLE"}}
[debug] [2021-05-25T19:57:10.076Z] [work-queue] {"queueLength":0,"workRunningCount":0}
[debug] [2021-05-25T19:58:33.293Z] [work-queue] {"queueLength":1,"workRunningCount":0}
[debug] [2021-05-25T19:58:33.294Z] [work-queue] {"queueLength":0,"workRunningCount":1}
[debug] [2021-05-25T19:58:33.294Z] Accepted request OPTIONS /ecommrecewebsite/us-central1/api/payments/create --> api
[debug] [2021-05-25T19:58:33.294Z] [worker-pool] submitWork(triggerId=api) {"metadata":{"emulator":{"name":"functions"},"message":"[worker-pool] submitWork(triggerId=api)"}}
[debug] [2021-05-25T19:58:33.294Z] [worker-api-c8edf440-0904-4e13-982b-a85a3cb5eeaa]: Assigning socketPath: \\?\pipe\C:\Users\quang\Desktop\Project\btl\functions\8720 {"metadata":{"emulator":{"name":"functions"},"message":"[worker-api-c8edf440-0904-4e13-982b-a85a3cb5eeaa]: Assigning socketPath: \\\\?\\pipe\\C:\\Users\\quang\\Desktop\\Project\\btl\\functions\\8720"}}
[debug] [2021-05-25T19:58:33.294Z] [worker-api-c8edf440-0904-4e13-982b-a85a3cb5eeaa]: BUSY {"metadata":{"emulator":{"name":"functions"},"message":"[worker-api-c8edf440-0904-4e13-982b-a85a3cb5eeaa]: BUSY"}}
[debug] [2021-05-25T19:58:33.295Z] [runtime-status] [8720] Trigger "api" has been found, beginning invocation! {"metadata":{"emulator":{"name":"functions"},"function":{"name":"api"},"message":"[runtime-status] [8720] Trigger \"api\" has been found, beginning invocation!"}}
[info] i  functions: Beginning execution of "api" {"metadata":{"emulator":{"name":"functions"},"function":{"name":"api"},"message":"Beginning execution of \"api\""}}
[debug] [2021-05-25T19:58:33.296Z] [runtime-status] [8720] triggerDefinition {"httpsTrigger":{},"name":"api","entryPoint":"api"} {"metadata":{"emulator":{"name":"functions"},"function":{"name":"api"},"message":"[runtime-status] [8720] triggerDefinition {\"httpsTrigger\":{},\"name\":\"api\",\"entryPoint\":\"api\"}"}}
[debug] [2021-05-25T19:58:33.296Z] [runtime-status] [8720] Running api in mode HTTPS {"metadata":{"emulator":{"name":"functions"},"function":{"name":"api"},"message":"[runtime-status] [8720] Running api in mode HTTPS"}}
[debug] [2021-05-25T19:58:33.297Z] [runtime-status] [8720] Attempting to listen to socketPath: \\?\pipe\C:\Users\quang\Desktop\Project\btl\functions\8720 {"metadata":{"emulator":{"name":"functions"},"function":{"name":"api"},"message":"[runtime-status] [8720] Attempting to listen to socketPath: \\\\?\\pipe\\C:\\Users\\quang\\Desktop\\Project\\btl\\functions\\8720"}}
[debug] [2021-05-25T19:58:33.298Z] [functions] Runtime ready! Sending request! {"metadata":{"emulator":{"name":"functions"},"message":"[functions] Runtime ready! Sending request!"}}
[debug] [2021-05-25T19:58:33.298Z] [functions] Got req.url=/ecommrecewebsite/us-central1/api/payments/create, mapping to path=/payments/create {"metadata":{"emulator":{"name":"functions"},"message":"[functions] Got req.url=/ecommrecewebsite/us-central1/api/payments/create, mapping to path=/payments/create"}}
[debug] [2021-05-25T19:58:33.301Z] [runtime-status] [8720] Ephemeral server handling OPTIONS request {"metadata":{"emulator":{"name":"functions"},"function":{"name":"api"},"message":"[runtime-status] [8720] Ephemeral server handling OPTIONS request"}}
[debug] [2021-05-25T19:58:33.302Z] [runtime-status] [8720] Ephemeral server survived. {"metadata":{"emulator":{"name":"functions"},"function":{"name":"api"},"message":"[runtime-status] [8720] Ephemeral server survived."}}
[info] i  functions: Finished "api" in ~1s {"metadata":{"emulator":{"name":"functions"},"function":{"name":"api"},"message":"Finished \"api\" in ~1s"}}
[debug] [2021-05-25T19:58:33.304Z] [worker-api-c8edf440-0904-4e13-982b-a85a3cb5eeaa]: IDLE {"metadata":{"emulator":{"name":"functions"},"message":"[worker-api-c8edf440-0904-4e13-982b-a85a3cb5eeaa]: IDLE"}}
[debug] [2021-05-25T19:58:33.304Z] [work-queue] {"queueLength":0,"workRunningCount":0}
[debug] [2021-05-25T19:58:33.305Z] [work-queue] {"queueLength":1,"workRunningCount":0}
[debug] [2021-05-25T19:58:33.305Z] [work-queue] {"queueLength":0,"workRunningCount":1}
[debug] [2021-05-25T19:58:33.305Z] Accepted request POST /ecommrecewebsite/us-central1/api/payments/create --> api
[debug] [2021-05-25T19:58:33.306Z] [worker-pool] submitWork(triggerId=api) {"metadata":{"emulator":{"name":"functions"},"message":"[worker-pool] submitWork(triggerId=api)"}}
[debug] [2021-05-25T19:58:33.306Z] [worker-api-c8edf440-0904-4e13-982b-a85a3cb5eeaa]: Assigning socketPath: \\?\pipe\C:\Users\quang\Desktop\Project\btl\functions\8720 {"metadata":{"emulator":{"name":"functions"},"message":"[worker-api-c8edf440-0904-4e13-982b-a85a3cb5eeaa]: Assigning socketPath: \\\\?\\pipe\\C:\\Users\\quang\\Desktop\\Project\\btl\\functions\\8720"}}
[debug] [2021-05-25T19:58:33.306Z] [worker-api-c8edf440-0904-4e13-982b-a85a3cb5eeaa]: BUSY {"metadata":{"emulator":{"name":"functions"},"message":"[worker-api-c8edf440-0904-4e13-982b-a85a3cb5eeaa]: BUSY"}}
[debug] [2021-05-25T19:58:33.313Z] [runtime-status] [8720] Trigger "api" has been found, beginning invocation! {"metadata":{"emulator":{"name":"functions"},"function":{"name":"api"},"message":"[runtime-status] [8720] Trigger \"api\" has been found, beginning invocation!"}}
[info] i  functions: Beginning execution of "api" {"metadata":{"emulator":{"name":"functions"},"function":{"name":"api"},"message":"Beginning execution of \"api\""}}
[debug] [2021-05-25T19:58:33.315Z] [runtime-status] [8720] triggerDefinition {"httpsTrigger":{},"name":"api","entryPoint":"api"} {"metadata":{"emulator":{"name":"functions"},"function":{"name":"api"},"message":"[runtime-status] [8720] triggerDefinition {\"httpsTrigger\":{},\"name\":\"api\",\"entryPoint\":\"api\"}"}}
[debug] [2021-05-25T19:58:33.315Z] [runtime-status] [8720] Running api in mode HTTPS {"metadata":{"emulator":{"name":"functions"},"function":{"name":"api"},"message":"[runtime-status] [8720] Running api in mode HTTPS"}}
[debug] [2021-05-25T19:58:33.316Z] [runtime-status] [8720] Attempting to listen to socketPath: \\?\pipe\C:\Users\quang\Desktop\Project\btl\functions\8720 {"metadata":{"emulator":{"name":"functions"},"function":{"name":"api"},"message":"[runtime-status] [8720] Attempting to listen to socketPath: \\\\?\\pipe\\C:\\Users\\quang\\Desktop\\Project\\btl\\functions\\8720"}}
[debug] [2021-05-25T19:58:33.318Z] [functions] Runtime ready! Sending request! {"metadata":{"emulator":{"name":"functions"},"message":"[functions] Runtime ready! Sending request!"}}
[debug] [2021-05-25T19:58:33.318Z] [functions] Got req.url=/ecommrecewebsite/us-central1/api/payments/create, mapping to path=/payments/create {"metadata":{"emulator":{"name":"functions"},"message":"[functions] Got req.url=/ecommrecewebsite/us-central1/api/payments/create, mapping to path=/payments/create"}}
[debug] [2021-05-25T19:58:33.321Z] [runtime-status] [8720] Ephemeral server handling POST request {"metadata":{"emulator":{"name":"functions"},"function":{"name":"api"},"message":"[runtime-status] [8720] Ephemeral server handling POST request"}}
[debug] [2021-05-25T19:58:33.323Z] [runtime-status] [8720] Ephemeral server survived. {"metadata":{"emulator":{"name":"functions"},"function":{"name":"api"},"message":"[runtime-status] [8720] Ephemeral server survived."}}
[info] i  functions: Finished "api" in ~1s {"metadata":{"emulator":{"name":"functions"},"function":{"name":"api"},"message":"Finished \"api\" in ~1s"}}
[debug] [2021-05-25T19:58:33.325Z] [worker-api-c8edf440-0904-4e13-982b-a85a3cb5eeaa]: IDLE {"metadata":{"emulator":{"name":"functions"},"message":"[worker-api-c8edf440-0904-4e13-982b-a85a3cb5eeaa]: IDLE"}}
[debug] [2021-05-25T19:58:33.326Z] [work-queue] {"queueLength":0,"workRunningCount":0}
